2026-03-07 11:03:57 | INFO     | trading_bot.client | Initialising Binance Futures Demo client.
2026-03-07 11:03:58 | INFO     | trading_bot.client | Binance client initialised. Base URL: https://demo-fapi.binance.com
2026-03-07 11:03:58 | INFO     | trading_bot.orders | Placing BUY MARKET order | symbol=BTCUSDT | qty=0.01 | price=MARKET
2026-03-07 11:03:59 | INFO     | trading_bot.orders | Order placed successfully | orderId=12671244982 | status=FILLED | executedQty=0.010
2026-03-07 11:03:59 | INFO     | trading_bot.cli | Session complete. orderId=12671244982 status=FILLED
2026-03-07 11:03:59 | INFO     | trading_bot.client | Initialising Binance Futures Demo client.
2026-03-07 11:04:00 | INFO     | trading_bot.client | Binance client initialised. Base URL: https://demo-fapi.binance.com
2026-03-07 11:04:00 | INFO     | trading_bot.orders | Placing SELL LIMIT order | symbol=BTCUSDT | qty=0.01 | price=80000.0
2026-03-07 11:04:00 | INFO     | trading_bot.orders | Order placed successfully | orderId=12671245637 | status=NEW | executedQty=0.000
2026-03-07 11:04:00 | INFO     | trading_bot.cli | Session complete. orderId=12671245637 status=NEW
2026-03-07 11:04:11 | ERROR    | trading_bot.cli | Validation error: Validation failed:
  'side' must be BUY or SELL, got: 'HOLD'.
2026-03-07 11:04:11 | ERROR    | trading_bot.cli | Validation error: Validation failed:
  'order_type' must be MARKET or LIMIT, got: 'STOP'.
2026-03-07 11:04:11 | ERROR    | trading_bot.cli | Validation error: Validation failed:
  'price' is required for LIMIT orders.
2026-03-07 11:04:11 | ERROR    | trading_bot.cli | Validation error: Validation failed:
  'quantity' must be a positive float, got: -5.0.
2026-03-07 11:04:11 | ERROR    | trading_bot.cli | Validation error: Validation failed:
  'quantity' must be a positive float, got: 0.0.
2026-03-07 11:04:11 | ERROR    | trading_bot.cli | Validation error: Validation failed:
  'symbol' must be a non-empty string (e.g., BTCUSDT).
2026-03-07 11:04:11 | ERROR    | trading_bot.cli | Validation error: Validation failed:
  'price' must be positive for LIMIT orders, got: -100.0.
2026-03-07 11:04:11 | ERROR    | trading_bot.cli | Validation error: Validation failed:
  'price' must be positive for LIMIT orders, got: 0.0.
2026-03-07 11:04:11 | ERROR    | trading_bot.cli | Validation error: Validation failed:
  'side' must be BUY or SELL, got: 'INVALID'.
2026-03-07 11:04:11 | ERROR    | trading_bot.cli | Validation error: Validation failed:
  'quantity' must be a positive float, got: 0.0.
2026-03-07 11:04:11 | ERROR    | trading_bot.cli | Client error: bad key
2026-03-07 11:05:29 | INFO     | trading_bot.client | Initialising Binance Futures Demo client.
2026-03-07 11:05:29 | INFO     | trading_bot.client | Binance client initialised. Base URL: https://demo-fapi.binance.com
2026-03-07 11:05:29 | INFO     | trading_bot.orders | Placing BUY MARKET order | symbol=BTCUSDT | qty=0.01 | price=MARKET
2026-03-07 11:05:30 | INFO     | trading_bot.orders | Order placed successfully | orderId=12671265565 | status=FILLED | executedQty=0.010
2026-03-07 11:05:30 | INFO     | trading_bot.cli | Session complete. orderId=12671265565 status=FILLED
2026-03-07 11:05:31 | INFO     | trading_bot.client | Initialising Binance Futures Demo client.
2026-03-07 11:05:31 | INFO     | trading_bot.client | Binance client initialised. Base URL: https://demo-fapi.binance.com
2026-03-07 11:05:31 | INFO     | trading_bot.orders | Placing SELL LIMIT order | symbol=BTCUSDT | qty=0.01 | price=80000.0
2026-03-07 11:05:32 | INFO     | trading_bot.orders | Order placed successfully | orderId=12671266064 | status=NEW | executedQty=0.000
2026-03-07 11:05:32 | INFO     | trading_bot.cli | Session complete. orderId=12671266064 status=NEW
